{"C:\\Users\\Oscar Vargas\\Desktop\\tdd-practice\\src\\Calculator.jsx": {"path":"C:\\Users\\Oscar Vargas\\Desktop\\tdd-practice\\src\\Calculator.jsx","all":false,"statementMap":{"0":{"start":{"line":1,"column":0},"end":{"line":1,"column":32}},"1":{"start":{"line":2,"column":0},"end":{"line":2,"column":33}},"2":{"start":{"line":3,"column":0},"end":{"line":3,"column":0}},"3":{"start":{"line":4,"column":0},"end":{"line":4,"column":53}},"4":{"start":{"line":5,"column":0},"end":{"line":5,"column":14}},"5":{"start":{"line":6,"column":0},"end":{"line":6,"column":12}},"6":{"start":{"line":7,"column":0},"end":{"line":7,"column":12}},"7":{"start":{"line":8,"column":0},"end":{"line":8,"column":12}},"8":{"start":{"line":9,"column":0},"end":{"line":9,"column":5}},"9":{"start":{"line":10,"column":0},"end":{"line":10,"column":1}},"10":{"start":{"line":11,"column":0},"end":{"line":11,"column":46}},"11":{"start":{"line":12,"column":0},"end":{"line":12,"column":28}},"12":{"start":{"line":13,"column":0},"end":{"line":13,"column":0}},"13":{"start":{"line":14,"column":0},"end":{"line":14,"column":33}},"14":{"start":{"line":15,"column":0},"end":{"line":15,"column":40}},"15":{"start":{"line":16,"column":0},"end":{"line":16,"column":67}},"16":{"start":{"line":17,"column":0},"end":{"line":17,"column":54}},"17":{"start":{"line":18,"column":0},"end":{"line":18,"column":0}},"18":{"start":{"line":19,"column":0},"end":{"line":19,"column":10}},"19":{"start":{"line":20,"column":0},"end":{"line":20,"column":13}},"20":{"start":{"line":21,"column":0},"end":{"line":21,"column":25}},"21":{"start":{"line":22,"column":0},"end":{"line":22,"column":38}},"22":{"start":{"line":23,"column":0},"end":{"line":23,"column":23}},"23":{"start":{"line":24,"column":0},"end":{"line":24,"column":35}},"24":{"start":{"line":25,"column":0},"end":{"line":25,"column":38}},"25":{"start":{"line":26,"column":0},"end":{"line":26,"column":32}},"26":{"start":{"line":27,"column":0},"end":{"line":27,"column":72}},"27":{"start":{"line":28,"column":0},"end":{"line":28,"column":24}},"28":{"start":{"line":29,"column":0},"end":{"line":29,"column":23}},"29":{"start":{"line":30,"column":0},"end":{"line":30,"column":15}},"30":{"start":{"line":31,"column":0},"end":{"line":31,"column":16}},"31":{"start":{"line":32,"column":0},"end":{"line":32,"column":11}},"32":{"start":{"line":33,"column":0},"end":{"line":33,"column":9}},"33":{"start":{"line":34,"column":0},"end":{"line":34,"column":39}},"34":{"start":{"line":35,"column":0},"end":{"line":35,"column":20}},"35":{"start":{"line":36,"column":0},"end":{"line":36,"column":98}},"36":{"start":{"line":37,"column":0},"end":{"line":37,"column":13}},"37":{"start":{"line":38,"column":0},"end":{"line":38,"column":12}},"38":{"start":{"line":39,"column":0},"end":{"line":39,"column":9}},"39":{"start":{"line":40,"column":0},"end":{"line":40,"column":67}},"40":{"start":{"line":41,"column":0},"end":{"line":41,"column":12}},"41":{"start":{"line":42,"column":0},"end":{"line":42,"column":14}},"42":{"start":{"line":43,"column":0},"end":{"line":43,"column":3}},"43":{"start":{"line":44,"column":0},"end":{"line":44,"column":1}}},"s":{"0":1,"1":1,"2":1,"3":1,"4":1,"5":1,"6":1,"7":1,"8":1,"9":1,"10":1,"11":1,"12":1,"13":1,"14":22,"15":22,"16":22,"17":22,"18":22,"19":22,"20":22,"21":22,"22":22,"23":22,"24":88,"25":88,"26":220,"27":220,"28":220,"29":88,"30":88,"31":22,"32":22,"33":22,"34":88,"35":88,"36":88,"37":22,"38":22,"39":22,"40":22,"41":22,"42":22,"43":22},"branchMap":{"0":{"type":"branch","line":14,"loc":{"start":{"line":14,"column":26},"end":{"line":44,"column":1}},"locations":[{"start":{"line":14,"column":26},"end":{"line":44,"column":1}}]},"1":{"type":"branch","line":16,"loc":{"start":{"line":16,"column":29},"end":{"line":16,"column":67}},"locations":[{"start":{"line":16,"column":29},"end":{"line":16,"column":67}}]},"2":{"type":"branch","line":16,"loc":{"start":{"line":16,"column":35},"end":{"line":16,"column":67}},"locations":[{"start":{"line":16,"column":35},"end":{"line":16,"column":67}}]},"3":{"type":"branch","line":17,"loc":{"start":{"line":17,"column":23},"end":{"line":17,"column":54}},"locations":[{"start":{"line":17,"column":23},"end":{"line":17,"column":54}}]},"4":{"type":"branch","line":24,"loc":{"start":{"line":24,"column":18},"end":{"line":31,"column":16}},"locations":[{"start":{"line":24,"column":18},"end":{"line":31,"column":16}}]},"5":{"type":"branch","line":26,"loc":{"start":{"line":26,"column":21},"end":{"line":29,"column":23}},"locations":[{"start":{"line":26,"column":21},"end":{"line":29,"column":23}}]},"6":{"type":"branch","line":34,"loc":{"start":{"line":34,"column":25},"end":{"line":38,"column":11}},"locations":[{"start":{"line":34,"column":25},"end":{"line":38,"column":11}}]},"7":{"type":"branch","line":40,"loc":{"start":{"line":40,"column":25},"end":{"line":40,"column":48}},"locations":[{"start":{"line":40,"column":25},"end":{"line":40,"column":48}}]}},"b":{"0":[22],"1":[308],"2":[10],"3":[1],"4":[88],"5":[220],"6":[88],"7":[1]},"fnMap":{"0":{"name":"Calculator","decl":{"start":{"line":14,"column":26},"end":{"line":44,"column":1}},"loc":{"start":{"line":14,"column":26},"end":{"line":44,"column":1}},"line":14},"1":{"name":"createClickHandler","decl":{"start":{"line":16,"column":29},"end":{"line":16,"column":67}},"loc":{"start":{"line":16,"column":29},"end":{"line":16,"column":67}},"line":16},"2":{"name":"equalHandler","decl":{"start":{"line":17,"column":23},"end":{"line":17,"column":54}},"loc":{"start":{"line":17,"column":23},"end":{"line":17,"column":54}},"line":17},"3":{"name":"onClick","decl":{"start":{"line":40,"column":25},"end":{"line":40,"column":48}},"loc":{"start":{"line":40,"column":25},"end":{"line":40,"column":48}},"line":40}},"f":{"0":22,"1":308,"2":1,"3":1}}
,"C:\\Users\\Oscar Vargas\\Desktop\\tdd-practice\\src\\canReconfigure.js": {"path":"C:\\Users\\Oscar Vargas\\Desktop\\tdd-practice\\src\\canReconfigure.js","all":false,"statementMap":{"0":{"start":{"line":1,"column":0},"end":{"line":1,"column":45}},"1":{"start":{"line":2,"column":0},"end":{"line":2,"column":81}},"2":{"start":{"line":3,"column":0},"end":{"line":3,"column":77}},"3":{"start":{"line":4,"column":0},"end":{"line":4,"column":0}},"4":{"start":{"line":5,"column":0},"end":{"line":5,"column":49}},"5":{"start":{"line":6,"column":0},"end":{"line":6,"column":34}},"6":{"start":{"line":7,"column":0},"end":{"line":7,"column":0}},"7":{"start":{"line":8,"column":0},"end":{"line":8,"column":69}},"8":{"start":{"line":9,"column":0},"end":{"line":9,"column":40}},"9":{"start":{"line":10,"column":0},"end":{"line":10,"column":0}},"10":{"start":{"line":11,"column":0},"end":{"line":11,"column":28}},"11":{"start":{"line":12,"column":0},"end":{"line":12,"column":0}},"12":{"start":{"line":13,"column":0},"end":{"line":13,"column":41}},"13":{"start":{"line":14,"column":0},"end":{"line":14,"column":30}},"14":{"start":{"line":15,"column":0},"end":{"line":15,"column":26}},"15":{"start":{"line":16,"column":0},"end":{"line":16,"column":0}},"16":{"start":{"line":17,"column":0},"end":{"line":17,"column":52}},"17":{"start":{"line":18,"column":0},"end":{"line":18,"column":63}},"18":{"start":{"line":19,"column":0},"end":{"line":19,"column":0}},"19":{"start":{"line":20,"column":0},"end":{"line":20,"column":42}},"20":{"start":{"line":21,"column":0},"end":{"line":21,"column":3}},"21":{"start":{"line":22,"column":0},"end":{"line":22,"column":0}},"22":{"start":{"line":23,"column":0},"end":{"line":23,"column":13}},"23":{"start":{"line":24,"column":0},"end":{"line":24,"column":1}}},"s":{"0":1,"1":8,"2":8,"3":5,"4":5,"5":8,"6":3,"7":3,"8":8,"9":2,"10":2,"11":2,"12":8,"13":5,"14":5,"15":5,"16":5,"17":5,"18":4,"19":4,"20":4,"21":1,"22":1,"23":1},"branchMap":{"0":{"type":"branch","line":1,"loc":{"start":{"line":1,"column":30},"end":{"line":24,"column":1}},"locations":[{"start":{"line":1,"column":30},"end":{"line":24,"column":1}}]},"1":{"type":"branch","line":2,"loc":{"start":{"line":2,"column":32},"end":{"line":2,"column":81}},"locations":[{"start":{"line":2,"column":32},"end":{"line":2,"column":81}}]},"2":{"type":"branch","line":3,"loc":{"start":{"line":3,"column":-2},"end":{"line":3,"column":30}},"locations":[{"start":{"line":3,"column":-2},"end":{"line":3,"column":30}}]},"3":{"type":"branch","line":3,"loc":{"start":{"line":3,"column":30},"end":{"line":3,"column":77}},"locations":[{"start":{"line":3,"column":30},"end":{"line":3,"column":77}}]},"4":{"type":"branch","line":4,"loc":{"start":{"line":4,"column":-2},"end":{"line":6,"column":22}},"locations":[{"start":{"line":4,"column":-2},"end":{"line":6,"column":22}}]},"5":{"type":"branch","line":6,"loc":{"start":{"line":6,"column":22},"end":{"line":6,"column":34}},"locations":[{"start":{"line":6,"column":22},"end":{"line":6,"column":34}}]},"6":{"type":"branch","line":7,"loc":{"start":{"line":7,"column":-2},"end":{"line":9,"column":28}},"locations":[{"start":{"line":7,"column":-2},"end":{"line":9,"column":28}}]},"7":{"type":"branch","line":9,"loc":{"start":{"line":9,"column":28},"end":{"line":9,"column":40}},"locations":[{"start":{"line":9,"column":28},"end":{"line":9,"column":40}}]},"8":{"type":"branch","line":10,"loc":{"start":{"line":10,"column":-2},"end":{"line":13,"column":40}},"locations":[{"start":{"line":10,"column":-2},"end":{"line":13,"column":40}}]},"9":{"type":"branch","line":13,"loc":{"start":{"line":13,"column":40},"end":{"line":21,"column":3}},"locations":[{"start":{"line":13,"column":40},"end":{"line":21,"column":3}}]},"10":{"type":"branch","line":18,"loc":{"start":{"line":18,"column":21},"end":{"line":18,"column":49}},"locations":[{"start":{"line":18,"column":21},"end":{"line":18,"column":49}}]},"11":{"type":"branch","line":18,"loc":{"start":{"line":18,"column":51},"end":{"line":18,"column":63}},"locations":[{"start":{"line":18,"column":51},"end":{"line":18,"column":63}}]},"12":{"type":"branch","line":19,"loc":{"start":{"line":19,"column":-2},"end":{"line":21,"column":3}},"locations":[{"start":{"line":19,"column":-2},"end":{"line":21,"column":3}}]},"13":{"type":"branch","line":22,"loc":{"start":{"line":22,"column":-2},"end":{"line":24,"column":1}},"locations":[{"start":{"line":22,"column":-2},"end":{"line":24,"column":1}}]}},"b":{"0":[8],"1":[2],"2":[6],"3":[1],"4":[5],"5":[2],"6":[3],"7":[1],"8":[2],"9":[5],"10":[1],"11":[1],"12":[4],"13":[1]},"fnMap":{"0":{"name":"canReconfigure","decl":{"start":{"line":1,"column":30},"end":{"line":24,"column":1}},"loc":{"start":{"line":1,"column":30},"end":{"line":24,"column":1}},"line":1}},"f":{"0":8}}
,"C:\\Users\\Oscar Vargas\\Desktop\\tdd-practice\\src\\fizzbuzz.js": {"path":"C:\\Users\\Oscar Vargas\\Desktop\\tdd-practice\\src\\fizzbuzz.js","all":false,"statementMap":{"0":{"start":{"line":1,"column":0},"end":{"line":1,"column":2}},"1":{"start":{"line":2,"column":0},"end":{"line":2,"column":51}},"2":{"start":{"line":3,"column":0},"end":{"line":3,"column":42}},"3":{"start":{"line":4,"column":0},"end":{"line":4,"column":42}},"4":{"start":{"line":5,"column":0},"end":{"line":5,"column":67}},"5":{"start":{"line":6,"column":0},"end":{"line":6,"column":75}},"6":{"start":{"line":7,"column":0},"end":{"line":7,"column":2}},"7":{"start":{"line":8,"column":0},"end":{"line":8,"column":0}},"8":{"start":{"line":9,"column":0},"end":{"line":9,"column":30}},"9":{"start":{"line":10,"column":0},"end":{"line":10,"column":81}},"10":{"start":{"line":11,"column":0},"end":{"line":11,"column":75}},"11":{"start":{"line":12,"column":0},"end":{"line":12,"column":0}},"12":{"start":{"line":13,"column":0},"end":{"line":13,"column":22}},"13":{"start":{"line":14,"column":0},"end":{"line":14,"column":14}},"14":{"start":{"line":15,"column":0},"end":{"line":15,"column":13}},"15":{"start":{"line":16,"column":0},"end":{"line":16,"column":3}},"16":{"start":{"line":17,"column":0},"end":{"line":17,"column":0}},"17":{"start":{"line":18,"column":0},"end":{"line":18,"column":17}},"18":{"start":{"line":19,"column":0},"end":{"line":19,"column":64}},"19":{"start":{"line":20,"column":0},"end":{"line":20,"column":49}},"20":{"start":{"line":21,"column":0},"end":{"line":21,"column":3}},"21":{"start":{"line":22,"column":0},"end":{"line":22,"column":0}},"22":{"start":{"line":23,"column":0},"end":{"line":23,"column":40}},"23":{"start":{"line":24,"column":0},"end":{"line":24,"column":1}},"24":{"start":{"line":25,"column":0},"end":{"line":25,"column":0}},"25":{"start":{"line":26,"column":0},"end":{"line":26,"column":23}}},"s":{"0":1,"1":1,"2":1,"3":1,"4":1,"5":1,"6":1,"7":1,"8":1,"9":13,"10":13,"11":10,"12":10,"13":10,"14":10,"15":10,"16":10,"17":10,"18":13,"19":20,"20":20,"21":10,"22":13,"23":13,"24":1,"25":1},"branchMap":{"0":{"type":"branch","line":9,"loc":{"start":{"line":9,"column":17},"end":{"line":24,"column":1}},"locations":[{"start":{"line":9,"column":17},"end":{"line":24,"column":1}}]},"1":{"type":"branch","line":10,"loc":{"start":{"line":10,"column":34},"end":{"line":10,"column":81}},"locations":[{"start":{"line":10,"column":34},"end":{"line":10,"column":81}}]},"2":{"type":"branch","line":11,"loc":{"start":{"line":11,"column":-2},"end":{"line":11,"column":28}},"locations":[{"start":{"line":11,"column":-2},"end":{"line":11,"column":28}}]},"3":{"type":"branch","line":11,"loc":{"start":{"line":11,"column":28},"end":{"line":11,"column":75}},"locations":[{"start":{"line":11,"column":28},"end":{"line":11,"column":75}}]},"4":{"type":"branch","line":12,"loc":{"start":{"line":12,"column":-2},"end":{"line":19,"column":63}},"locations":[{"start":{"line":12,"column":-2},"end":{"line":19,"column":63}}]},"5":{"type":"branch","line":19,"loc":{"start":{"line":19,"column":63},"end":{"line":21,"column":3}},"locations":[{"start":{"line":19,"column":63},"end":{"line":21,"column":3}}]},"6":{"type":"branch","line":20,"loc":{"start":{"line":20,"column":35},"end":{"line":20,"column":49}},"locations":[{"start":{"line":20,"column":35},"end":{"line":20,"column":49}}]},"7":{"type":"branch","line":22,"loc":{"start":{"line":22,"column":-2},"end":{"line":23,"column":23}},"locations":[{"start":{"line":22,"column":-2},"end":{"line":23,"column":23}}]},"8":{"type":"branch","line":23,"loc":{"start":{"line":23,"column":23},"end":{"line":23,"column":31}},"locations":[{"start":{"line":23,"column":23},"end":{"line":23,"column":31}}]},"9":{"type":"branch","line":23,"loc":{"start":{"line":23,"column":32},"end":{"line":23,"column":40}},"locations":[{"start":{"line":23,"column":32},"end":{"line":23,"column":40}}]}},"b":{"0":[13],"1":[2],"2":[11],"3":[1],"4":[10],"5":[20],"6":[9],"7":[10],"8":[2],"9":[8]},"fnMap":{"0":{"name":"fizzbuzz","decl":{"start":{"line":9,"column":17},"end":{"line":24,"column":1}},"loc":{"start":{"line":9,"column":17},"end":{"line":24,"column":1}},"line":9}},"f":{"0":13}}
,"C:\\Users\\Oscar Vargas\\Desktop\\tdd-practice\\src\\main.jsx": {"path":"C:\\Users\\Oscar Vargas\\Desktop\\tdd-practice\\src\\main.jsx","all":true,"statementMap":{"0":{"start":{"line":1,"column":0},"end":{"line":1,"column":45}},"1":{"start":{"line":2,"column":0},"end":{"line":2,"column":41}},"2":{"start":{"line":3,"column":0},"end":{"line":3,"column":0}},"3":{"start":{"line":4,"column":0},"end":{"line":4,"column":11}},"4":{"start":{"line":5,"column":0},"end":{"line":5,"column":33}},"5":{"start":{"line":6,"column":0},"end":{"line":6,"column":9}},"6":{"start":{"line":7,"column":0},"end":{"line":7,"column":16}},"7":{"start":{"line":8,"column":0},"end":{"line":8,"column":1}}},"s":{"0":0,"1":0,"2":0,"3":0,"4":0,"5":0,"6":0,"7":0},"branchMap":{"0":{"type":"branch","line":1,"loc":{"start":{"line":1,"column":0},"end":{"line":8,"column":1}},"locations":[{"start":{"line":1,"column":0},"end":{"line":8,"column":1}}]}},"b":{"0":[0]},"fnMap":{"0":{"name":"(empty-report)","decl":{"start":{"line":1,"column":0},"end":{"line":8,"column":1}},"loc":{"start":{"line":1,"column":0},"end":{"line":8,"column":1}},"line":1}},"f":{"0":0}}
}
